#
# A fatal error has been detected by the Java Runtime Environment:
#
#  EXCEPTION_ACCESS_VIOLATION (0xc0000005) at pc=0x000000006ee76520, pid=11396, tid=12916
#
# JRE version: OpenJDK Runtime Environment AdoptOpenJDK (11.0.9+11) (build 11.0.9+11)
# Java VM: OpenJDK 64-Bit Server VM AdoptOpenJDK (11.0.9+11, mixed mode, tiered, compressed oops, g1 gc, windows-amd64)
# Problematic frame:
# C  [xuggle18227220464922155757.dll+0x736520]
#
# No core dump will be written. Minidumps are not enabled by default on client versions of Windows
#
# If you would like to submit a bug report, please visit:
#   https://github.com/AdoptOpenJDK/openjdk-support/issues
# The crash happened outside the Java Virtual Machine in native code.
# See problematic frame for where to report the bug.
#

---------------  S U M M A R Y ------------

Command Line: -Dfile.encoding=Cp1252 OMM.Main

Host: AMD Ryzen 5 1400 Quad-Core Processor           , 8 cores, 7G,  Windows 10 , 64 bit Build 19041 (10.0.19041.546)
Time: Sun Nov 15 16:40:33 2020 AUS Eastern Daylight Time elapsed time: 39.186577 seconds (0d 0h 0m 39s)

---------------  T H R E A D  ---------------

Current thread (0x000001b9d2f29800):  JavaThread "Thread-2" [_thread_in_native, id=12916, stack(0x000000731fd00000,0x000000731fe00000)]

Stack: [0x000000731fd00000,0x000000731fe00000],  sp=0x000000731fdfdb70,  free space=1014k
Native frames: (J=compiled Java code, j=interpreted, Vv=VM code, C=native code)
C  [xuggle18227220464922155757.dll+0x736520]

Java frames: (J=compiled Java code, j=interpreted, Vv=VM code)
j  com.xuggle.xuggler.XugglerJNI.IContainer_open__SWIG_1(JLcom/xuggle/xuggler/IContainer;Ljava/lang/String;IJLcom/xuggle/xuggler/IContainerFormat;ZZ)I+0
j  com.xuggle.xuggler.IContainer.open(Ljava/lang/String;Lcom/xuggle/xuggler/IContainer$Type;Lcom/xuggle/xuggler/IContainerFormat;ZZ)I+19
j  com.xuggle.mediatool.MediaReader.open()V+20
j  com.xuggle.mediatool.MediaReader.readPacket()Lcom/xuggle/xuggler/IError;+8
j  OMM.ui.panels.PanelVideoConverter$4$1.run()V+101
j  java.lang.Thread.run()V+11 java.base@11.0.9
v  ~StubRoutines::call_stub

siginfo: EXCEPTION_ACCESS_VIOLATION (0xc0000005), reading address 0xffffffffffffffff


Register to memory mapping:

RIP=0x000000006ee76520 xuggle18227220464922155757.dll
RAX=0x000001b9e1f78470 points into unknown readable memory: 00 00 00 00 00 00 00 80
RBX=0x000001b9e2ca40a0 points into unknown readable memory: 28 00 00 00 00 00 00 00
RCX=0x000001b9e1f78470 points into unknown readable memory: 00 00 00 00 00 00 00 80
RDX=0x0000000000000009 is an unknown value
RSP=0x000000731fdfdb70 is pointing into the stack for thread: 0x000001b9d2f29800
RBP=0x000001b9e1f77bb0 points into unknown readable memory: 60 ca e7 e1 b9 01 00 00
RSI=0x000001b9e1f79470 points into unknown readable memory: 09 00 00 00 01 00 00 00
RDI=0x0000000000000004 is an unknown value
R8 =0x000000006ee77580 xuggle18227220464922155757.dll
R9 =0x000000006ee76490 xuggle18227220464922155757.dll
R10=0x000001b9e1e7d850 points into unknown readable memory: 04 00 84 01 c4 00 64 01
R11=0x000001b9e1f7b400 points into unknown readable memory: 2d f3 b4 bc bb 64 b4 bc
R12=0x000001b9e1f7bc00 points into unknown readable memory: b8 16 b5 bc 9e a4 b5 bc
R13=0x0000000000000004 is an unknown value
R14=0x0000000000000184 is an unknown value
R15=0x000000006fab8f20 xuggle18227220464922155757.dll


Registers:
RAX=0x000001b9e1f78470, RBX=0x000001b9e2ca40a0, RCX=0x000001b9e1f78470, RDX=0x0000000000000009
RSP=0x000000731fdfdb70, RBP=0x000001b9e1f77bb0, RSI=0x000001b9e1f79470, RDI=0x0000000000000004
R8 =0x000000006ee77580, R9 =0x000000006ee76490, R10=0x000001b9e1e7d850, R11=0x000001b9e1f7b400
R12=0x000001b9e1f7bc00, R13=0x0000000000000004, R14=0x0000000000000184, R15=0x000000006fab8f20
RIP=0x000000006ee76520, EFLAGS=0x0000000000010202

Top of Stack: (sp=0x000000731fdfdb70)
0x000000731fdfdb70:   000000006ee76665 000000006ee774c5
0x000000731fdfdb80:   000000006ee77505 000000006ee77545
0x000000731fdfdb90:   000000006ee77585 000000006ee79426
0x000000731fdfdba0:   000000006fa67a80 000001b9e1f78470
0x000000731fdfdbb0:   000001b9e2ca6560 0000000087abea60
0x000000731fdfdbc0:   3fe0000000000000 0000000000000000
0x000000731fdfdbd0:   40c7760000000000 0000000000000000
0x000000731fdfdbe0:   3fe0000000000000 0000000000000001
0x000000731fdfdbf0:   000001b9e2ca7560 000000006ea45d24
0x000000731fdfdc00:   3f40624dd2f1a9fc 0000000000000000
0x000000731fdfdc10:   0000000000000000 0000000000000000
0x000000731fdfdc20:   0000000000000000 0000000000000000
0x000000731fdfdc30:   000001b9e2cb0460 000000006fab7320
0x000000731fdfdc40:   0000000000000000 000001b9e2ca4000
0x000000731fdfdc50:   0000000000000001 000001b9e1f77bb0
0x000000731fdfdc60:   000001b9e1f77c30 0000000000000000 

Instructions: (pc=0x000000006ee76520)
0x000000006ee76420:   48 89 c8 8b 79 18 89 fe c1 fe 02 48 63 d6 8d 34
0x000000006ee76430:   76 48 8d 5c 95 00 48 63 f6 48 89 da ff 50 48 89
0x000000006ee76440:   f8 83 ef 10 48 8d 54 b5 00 f7 d8 48 63 ff 48 98
0x000000006ee76450:   0f 28 3d f9 d0 65 00 0f 28 04 3b 0f 28 0c 02 0f
0x000000006ee76460:   c6 c0 1b 0f c6 c9 1b 0f 57 c7 0f 29 0c 3a 0f 29
0x000000006ee76470:   04 03 48 83 ef 10 48 83 c0 10 7c db 0f 28 7c 24
0x000000006ee76480:   20 48 83 c4 38 5b 5e 5f 5d c3 90 90 90 90 90 90
0x000000006ee76490:   c5 fc 28 01 c5 fc 28 49 20 c5 fc 5c e1 c5 fc 58
0x000000006ee764a0:   d1 c5 dc 59 0d 17 42 84 00 c4 e2 75 0c 0d ce 41
0x000000006ee764b0:   84 00 c4 e3 75 0c c2 33 c5 ec c6 e1 4e c5 dc 5c
0x000000006ee764c0:   d8 c5 dc 58 c0 c4 e2 7d 0c 05 d2 41 84 00 c5 e4
0x000000006ee764d0:   c6 e0 bb c5 e4 c6 d0 ee c4 e3 6d 06 d4 13 c5 e4
0x000000006ee764e0:   57 1d fa 41 84 00 c5 fc c6 cb dd c5 fc c6 c3 88
0x000000006ee764f0:   c4 e3 75 06 d8 02 c4 e3 7d 06 c1 13 c5 fc 5c e2
0x000000006ee76500:   c4 e3 5d 0c c0 55 c5 e4 5c c8 c5 e4 58 c0 c5 fc
0x000000006ee76510:   29 01 c5 fc 29 49 20 c3 0f 1f 84 00 00 00 00 00
0x000000006ee76520:   c5 fc 28 51 40 c5 fc 28 59 60 c5 ec 5c fb c5 ec
0x000000006ee76530:   58 d3 c5 c4 57 3d 26 41 84 00 c5 ec c6 df be c5
0x000000006ee76540:   ec c6 d7 44 c5 ec 5c fb c5 ec 58 d3 c5 ec c6 df
0x000000006ee76550:   dd c5 ec c6 d7 88 c5 fc 28 01 c5 fc 28 49 20 c5
0x000000006ee76560:   fc 5c f9 c5 fc 58 e1 c5 c4 59 0d 51 41 84 00 c4
0x000000006ee76570:   e2 75 0c 0d 08 41 84 00 c4 e3 75 0c c4 33 c5 dc
0x000000006ee76580:   c6 f9 4e c5 c4 5c e8 c5 c4 58 c0 c4 e2 7d 0c 05
0x000000006ee76590:   0c 41 84 00 c5 d4 c6 f8 bb c5 d4 c6 e0 ee c4 e3
0x000000006ee765a0:   5d 06 e7 13 c5 d4 57 2d 34 41 84 00 c5 fc c6 cd
0x000000006ee765b0:   dd c5 fc c6 c5 88 c4 e3 75 06 e8 02 c4 e3 7d 06
0x000000006ee765c0:   c1 13 c5 fc 5c fc c4 e3 45 0c c0 55 c5 d4 5c c8
0x000000006ee765d0:   c5 d4 58 c0 c5 fc 28 25 04 40 84 00 c5 fc 28 2d
0x000000006ee765e0:   1c 40 84 00 c5 ec 59 f4 c5 e4 59 fd c5 c4 58 fe
0x000000006ee765f0:   c5 ec 59 d5 c5 e4 59 dc c5 e4 5c da c4 e3 45 0c
0x000000006ee76600:   d3 f0 c4 e3 45 06 db 21 c5 ec 58 e3 c5 e4 5c d2
0x000000006ee76610:   c4 e3 6d 06 d2 01 c5 f4 5c da c5 f4 58 ca c5 fc 


Stack slot to memory mapping:
stack at sp + 0 slots: 0x000000006ee76665 xuggle18227220464922155757.dll
stack at sp + 1 slots: 0x000000006ee774c5 xuggle18227220464922155757.dll
stack at sp + 2 slots: 0x000000006ee77505 xuggle18227220464922155757.dll
stack at sp + 3 slots: 0x000000006ee77545 xuggle18227220464922155757.dll
stack at sp + 4 slots: 0x000000006ee77585 xuggle18227220464922155757.dll
stack at sp + 5 slots: 0x000000006ee79426 xuggle18227220464922155757.dll
stack at sp + 6 slots: 0x000000006fa67a80 xuggle18227220464922155757.dll
stack at sp + 7 slots: 0x000001b9e1f78470 points into unknown readable memory: 00 00 00 00 00 00 00 80


---------------  P R O C E S S  ---------------

Threads class SMR info:
_java_thread_list=0x000001b9d31e0a00, length=20, elements={
0x000001b9d03cc000, 0x000001b9d03d5800, 0x000001b9d03e5800, 0x000001b9d03e8800,
0x000001b9d03ea000, 0x000001b9d0c65000, 0x000001b9d0c70800, 0x000001b9d0ddc000,
0x000001b9d0dde800, 0x000001b9d139b800, 0x000001b9d139c000, 0x000001b9d13a3000,
0x000001b9d140e800, 0x000001b9b1396000, 0x000001b9d2e5b000, 0x000001b9d15eb800,
0x000001b9d2d08000, 0x000001b9d2dc8800, 0x000001b9d2db8000, 0x000001b9d2f29800
}

Java Threads: ( => current thread )
  0x000001b9d03cc000 JavaThread "Reference Handler" daemon [_thread_blocked, id=12320, stack(0x000000731ed00000,0x000000731ee00000)]
  0x000001b9d03d5800 JavaThread "Finalizer" daemon [_thread_blocked, id=13296, stack(0x000000731ee00000,0x000000731ef00000)]
  0x000001b9d03e5800 JavaThread "Signal Dispatcher" daemon [_thread_blocked, id=8708, stack(0x000000731ef00000,0x000000731f000000)]
  0x000001b9d03e8800 JavaThread "Attach Listener" daemon [_thread_blocked, id=14992, stack(0x000000731f000000,0x000000731f100000)]
  0x000001b9d03ea000 JavaThread "C2 CompilerThread0" daemon [_thread_blocked, id=13724, stack(0x000000731f100000,0x000000731f200000)]
  0x000001b9d0c65000 JavaThread "C1 CompilerThread0" daemon [_thread_blocked, id=13660, stack(0x000000731f200000,0x000000731f300000)]
  0x000001b9d0c70800 JavaThread "Sweeper thread" daemon [_thread_blocked, id=8236, stack(0x000000731f300000,0x000000731f400000)]
  0x000001b9d0ddc000 JavaThread "Service Thread" daemon [_thread_blocked, id=10484, stack(0x000000731f400000,0x000000731f500000)]
  0x000001b9d0dde800 JavaThread "Common-Cleaner" daemon [_thread_blocked, id=9600, stack(0x000000731f600000,0x000000731f700000)]
  0x000001b9d139b800 JavaThread "Java2D Disposer" daemon [_thread_blocked, id=12820, stack(0x000000731f700000,0x000000731f800000)]
  0x000001b9d139c000 JavaThread "AWT-Shutdown" [_thread_blocked, id=14436, stack(0x000000731f800000,0x000000731f900000)]
  0x000001b9d13a3000 JavaThread "AWT-Windows" daemon [_thread_in_native, id=1564, stack(0x000000731f900000,0x000000731fa00000)]
  0x000001b9d140e800 JavaThread "AWT-EventQueue-0" [_thread_blocked, id=11572, stack(0x000000731fa00000,0x000000731fb00000)]
  0x000001b9b1396000 JavaThread "DestroyJavaVM" [_thread_blocked, id=14616, stack(0x000000731e600000,0x000000731e700000)]
  0x000001b9d2e5b000 JavaThread "OMM_yttomp3_logic" [_thread_blocked, id=16288, stack(0x000000731ff00000,0x0000007320000000)]
  0x000001b9d15eb800 JavaThread "TimerQueue" daemon [_thread_blocked, id=6208, stack(0x0000007320000000,0x0000007320100000)]
  0x000001b9d2d08000 JavaThread "OMM_ytvideo_logic" [_thread_blocked, id=13420, stack(0x000000731fc00000,0x000000731fd00000)]
  0x000001b9d2dc8800 JavaThread "D3D Screen Updater" daemon [_thread_blocked, id=9496, stack(0x0000007320200000,0x0000007320300000)]
  0x000001b9d2db8000 JavaThread "Swing-Shell" daemon [_thread_blocked, id=500, stack(0x0000007320500000,0x0000007320600000)]
=>0x000001b9d2f29800 JavaThread "Thread-2" [_thread_in_native, id=12916, stack(0x000000731fd00000,0x000000731fe00000)]

Other Threads:
  0x000001b9d03c9800 VMThread "VM Thread" [stack: 0x000000731ec00000,0x000000731ed00000] [id=6608]
  0x000001b9d0ddd000 WatcherThread [stack: 0x000000731f500000,0x000000731f600000] [id=15920]
  0x000001b9b13ae000 GCTaskThread "GC Thread#0" [stack: 0x000000731e700000,0x000000731e800000] [id=14004]
  0x000001b9d2eec800 GCTaskThread "GC Thread#1" [stack: 0x0000007320100000,0x0000007320200000] [id=16164]
  0x000001b9d2eed800 GCTaskThread "GC Thread#2" [stack: 0x0000007320700000,0x0000007320800000] [id=14272]
  0x000001b9d3004000 GCTaskThread "GC Thread#3" [stack: 0x0000007320800000,0x0000007320900000] [id=1636]
  0x000001b9d3005000 GCTaskThread "GC Thread#4" [stack: 0x0000007320900000,0x0000007320a00000] [id=6664]
  0x000001b9d3005800 GCTaskThread "GC Thread#5" [stack: 0x0000007320a00000,0x0000007320b00000] [id=12008]
  0x000001b9d3006800 GCTaskThread "GC Thread#6" [stack: 0x0000007320b00000,0x0000007320c00000] [id=11576]
  0x000001b9d3007000 GCTaskThread "GC Thread#7" [stack: 0x0000007320c00000,0x0000007320d00000] [id=9640]
  0x000001b9b13e3000 ConcurrentGCThread "G1 Main Marker" [stack: 0x000000731e800000,0x000000731e900000] [id=10708]
  0x000001b9b13e4800 ConcurrentGCThread "G1 Conc#0" [stack: 0x000000731e900000,0x000000731ea00000] [id=4424]
  0x000001b9da130800 ConcurrentGCThread "G1 Conc#1" [stack: 0x0000007320f00000,0x0000007321000000] [id=2076]
  0x000001b9d0231800 ConcurrentGCThread "G1 Refine#0" [stack: 0x000000731ea00000,0x000000731eb00000] [id=3748]
  0x000001b9d0fed800 ConcurrentGCThread "G1 Refine#1" [stack: 0x0000007320d00000,0x0000007320e00000] [id=5832]
  0x000001b9d0232000 ConcurrentGCThread "G1 Young RemSet Sampling" [stack: 0x000000731eb00000,0x000000731ec00000] [id=16168]

Threads with active compile tasks:

VM state:not at safepoint (normal execution)

VM Mutex/Monitor currently owned by a thread: None

Heap address: 0x0000000080a00000, size: 2038 MB, Compressed Oops mode: 32-bit
Narrow klass base: 0x0000000000000000, Narrow klass shift: 3
Compressed class space size: 1073741824 Address: 0x0000000100000000

Heap:
 garbage-first heap   total 131072K, used 21389K [0x0000000080a00000, 0x0000000100000000)
  region size 1024K, 17 young (17408K), 1 survivors (1024K)
 Metaspace       used 23902K, capacity 24397K, committed 24700K, reserved 1071104K
  class space    used 2660K, capacity 2886K, committed 2940K, reserved 1048576K
Heap Regions: E=young(eden), S=young(survivor), O=old, HS=humongous(starts), HC=humongous(continues), CS=collection set, F=free, A=archive, TAMS=top-at-mark-start (previous, next)
|   0|0x0000000080a00000, 0x0000000080b00000, 0x0000000080b00000|100%| O|  |TAMS 0x0000000080b00000, 0x0000000080a00000| Untracked 
|   1|0x0000000080b00000, 0x0000000080c00000, 0x0000000080c00000|100%| O|  |TAMS 0x0000000080c00000, 0x0000000080b00000| Untracked 
|   2|0x0000000080c00000, 0x0000000080d00000, 0x0000000080d00000|100%| O|  |TAMS 0x0000000080d00000, 0x0000000080c00000| Untracked 
|   3|0x0000000080d00000, 0x0000000080e00000, 0x0000000080e00000|100%| O|  |TAMS 0x0000000080e00000, 0x0000000080d00000| Untracked 
|   4|0x0000000080e00000, 0x0000000080f00000, 0x0000000080f00000|100%| O|  |TAMS 0x0000000080f00000, 0x0000000080e00000| Untracked 
|   5|0x0000000080f00000, 0x0000000080f13a00, 0x0000000081000000|  7%| O|  |TAMS 0x0000000080f13a00, 0x0000000080f00000| Untracked 
|   6|0x0000000081000000, 0x0000000081000000, 0x0000000081100000|  0%| F|  |TAMS 0x0000000081000000, 0x0000000081000000| Untracked 
|   7|0x0000000081100000, 0x0000000081100000, 0x0000000081200000|  0%| F|  |TAMS 0x0000000081100000, 0x0000000081100000| Untracked 
|   8|0x0000000081200000, 0x0000000081200000, 0x0000000081300000|  0%| F|  |TAMS 0x0000000081200000, 0x0000000081200000| Untracked 
|   9|0x0000000081300000, 0x0000000081300000, 0x0000000081400000|  0%| F|  |TAMS 0x0000000081300000, 0x0000000081300000| Untracked 
|  10|0x0000000081400000, 0x0000000081400000, 0x0000000081500000|  0%| F|  |TAMS 0x0000000081400000, 0x0000000081400000| Untracked 
|  11|0x0000000081500000, 0x0000000081500000, 0x0000000081600000|  0%| F|  |TAMS 0x0000000081500000, 0x0000000081500000| Untracked 
|  12|0x0000000081600000, 0x0000000081600000, 0x0000000081700000|  0%| F|  |TAMS 0x0000000081600000, 0x0000000081600000| Untracked 
|  13|0x0000000081700000, 0x0000000081700000, 0x0000000081800000|  0%| F|  |TAMS 0x0000000081700000, 0x0000000081700000| Untracked 
|  14|0x0000000081800000, 0x0000000081800000, 0x0000000081900000|  0%| F|  |TAMS 0x0000000081800000, 0x0000000081800000| Untracked 
|  15|0x0000000081900000, 0x0000000081900000, 0x0000000081a00000|  0%| F|  |TAMS 0x0000000081900000, 0x0000000081900000| Untracked 
|  16|0x0000000081a00000, 0x0000000081a00000, 0x0000000081b00000|  0%| F|  |TAMS 0x0000000081a00000, 0x0000000081a00000| Untracked 
|  17|0x0000000081b00000, 0x0000000081b00000, 0x0000000081c00000|  0%| F|  |TAMS 0x0000000081b00000, 0x0000000081b00000| Untracked 
|  18|0x0000000081c00000, 0x0000000081c00000, 0x0000000081d00000|  0%| F|  |TAMS 0x0000000081c00000, 0x0000000081c00000| Untracked 
|  19|0x0000000081d00000, 0x0000000081d00000, 0x0000000081e00000|  0%| F|  |TAMS 0x0000000081d00000, 0x0000000081d00000| Untracked 
|  20|0x0000000081e00000, 0x0000000081e00000, 0x0000000081f00000|  0%| F|  |TAMS 0x0000000081e00000, 0x0000000081e00000| Untracked 
|  21|0x0000000081f00000, 0x0000000081f00000, 0x0000000082000000|  0%| F|  |TAMS 0x0000000081f00000, 0x0000000081f00000| Untracked 
|  22|0x0000000082000000, 0x0000000082000000, 0x0000000082100000|  0%| F|  |TAMS 0x0000000082000000, 0x0000000082000000| Untracked 
|  23|0x0000000082100000, 0x0000000082100000, 0x0000000082200000|  0%| F|  |TAMS 0x0000000082100000, 0x0000000082100000| Untracked 
|  24|0x0000000082200000, 0x0000000082200000, 0x0000000082300000|  0%| F|  |TAMS 0x0000000082200000, 0x0000000082200000| Untracked 
|  25|0x0000000082300000, 0x0000000082300000, 0x0000000082400000|  0%| F|  |TAMS 0x0000000082300000, 0x0000000082300000| Untracked 
|  26|0x0000000082400000, 0x0000000082400000, 0x0000000082500000|  0%| F|  |TAMS 0x0000000082400000, 0x0000000082400000| Untracked 
|  27|0x0000000082500000, 0x0000000082500000, 0x0000000082600000|  0%| F|  |TAMS 0x0000000082500000, 0x0000000082500000| Untracked 
|  28|0x0000000082600000, 0x0000000082600000, 0x0000000082700000|  0%| F|  |TAMS 0x0000000082600000, 0x0000000082600000| Untracked 
|  29|0x0000000082700000, 0x0000000082700000, 0x0000000082800000|  0%| F|  |TAMS 0x0000000082700000, 0x0000000082700000| Untracked 
|  30|0x0000000082800000, 0x0000000082800000, 0x0000000082900000|  0%| F|  |TAMS 0x0000000082800000, 0x0000000082800000| Untracked 
|  31|0x0000000082900000, 0x0000000082900000, 0x0000000082a00000|  0%| F|  |TAMS 0x0000000082900000, 0x0000000082900000| Untracked 
|  32|0x0000000082a00000, 0x0000000082a00000, 0x0000000082b00000|  0%| F|  |TAMS 0x0000000082a00000, 0x0000000082a00000| Untracked 
|  33|0x0000000082b00000, 0x0000000082b00000, 0x0000000082c00000|  0%| F|  |TAMS 0x0000000082b00000, 0x0000000082b00000| Untracked 
|  34|0x0000000082c00000, 0x0000000082c00000, 0x0000000082d00000|  0%| F|  |TAMS 0x0000000082c00000, 0x0000000082c00000| Untracked 
|  35|0x0000000082d00000, 0x0000000082d00000, 0x0000000082e00000|  0%| F|  |TAMS 0x0000000082d00000, 0x0000000082d00000| Untracked 
|  36|0x0000000082e00000, 0x0000000082e00000, 0x0000000082f00000|  0%| F|  |TAMS 0x0000000082e00000, 0x0000000082e00000| Untracked 
|  37|0x0000000082f00000, 0x0000000082f00000, 0x0000000083000000|  0%| F|  |TAMS 0x0000000082f00000, 0x0000000082f00000| Untracked 
|  38|0x0000000083000000, 0x0000000083000000, 0x0000000083100000|  0%| F|  |TAMS 0x0000000083000000, 0x0000000083000000| Untracked 
|  39|0x0000000083100000, 0x0000000083100000, 0x0000000083200000|  0%| F|  |TAMS 0x0000000083100000, 0x0000000083100000| Untracked 
|  40|0x0000000083200000, 0x0000000083200000, 0x0000000083300000|  0%| F|  |TAMS 0x0000000083200000, 0x0000000083200000| Untracked 
|  41|0x0000000083300000, 0x0000000083300000, 0x0000000083400000|  0%| F|  |TAMS 0x0000000083300000, 0x0000000083300000| Untracked 
|  42|0x0000000083400000, 0x0000000083400000, 0x0000000083500000|  0%| F|  |TAMS 0x0000000083400000, 0x0000000083400000| Untracked 
|  43|0x0000000083500000, 0x0000000083500000, 0x0000000083600000|  0%| F|  |TAMS 0x0000000083500000, 0x0000000083500000| Untracked 
|  44|0x0000000083600000, 0x0000000083600000, 0x0000000083700000|  0%| F|  |TAMS 0x0000000083600000, 0x0000000083600000| Untracked 
|  45|0x0000000083700000, 0x0000000083700000, 0x0000000083800000|  0%| F|  |TAMS 0x0000000083700000, 0x0000000083700000| Untracked 
|  46|0x0000000083800000, 0x0000000083800000, 0x0000000083900000|  0%| F|  |TAMS 0x0000000083800000, 0x0000000083800000| Untracked 
|  47|0x0000000083900000, 0x0000000083900000, 0x0000000083a00000|  0%| F|  |TAMS 0x0000000083900000, 0x0000000083900000| Untracked 
|  48|0x0000000083a00000, 0x0000000083a00000, 0x0000000083b00000|  0%| F|  |TAMS 0x0000000083a00000, 0x0000000083a00000| Untracked 
|  49|0x0000000083b00000, 0x0000000083b00000, 0x0000000083c00000|  0%| F|  |TAMS 0x0000000083b00000, 0x0000000083b00000| Untracked 
|  50|0x0000000083c00000, 0x0000000083c00000, 0x0000000083d00000|  0%| F|  |TAMS 0x0000000083c00000, 0x0000000083c00000| Untracked 
|  51|0x0000000083d00000, 0x0000000083d00000, 0x0000000083e00000|  0%| F|  |TAMS 0x0000000083d00000, 0x0000000083d00000| Untracked 
|  52|0x0000000083e00000, 0x0000000083e00000, 0x0000000083f00000|  0%| F|  |TAMS 0x0000000083e00000, 0x0000000083e00000| Untracked 
|  53|0x0000000083f00000, 0x0000000083f00000, 0x0000000084000000|  0%| F|  |TAMS 0x0000000083f00000, 0x0000000083f00000| Untracked 
|  54|0x0000000084000000, 0x0000000084000000, 0x0000000084100000|  0%| F|  |TAMS 0x0000000084000000, 0x0000000084000000| Untracked 
|  55|0x0000000084100000, 0x0000000084100000, 0x0000000084200000|  0%| F|  |TAMS 0x0000000084100000, 0x0000000084100000| Untracked 
|  56|0x0000000084200000, 0x0000000084200000, 0x0000000084300000|  0%| F|  |TAMS 0x0000000084200000, 0x0000000084200000| Untracked 
|  57|0x0000000084300000, 0x0000000084300000, 0x0000000084400000|  0%| F|  |TAMS 0x0000000084300000, 0x0000000084300000| Untracked 
|  58|0x0000000084400000, 0x0000000084400000, 0x0000000084500000|  0%| F|  |TAMS 0x0000000084400000, 0x0000000084400000| Untracked 
|  59|0x0000000084500000, 0x0000000084500000, 0x0000000084600000|  0%| F|  |TAMS 0x0000000084500000, 0x0000000084500000| Untracked 
|  60|0x0000000084600000, 0x0000000084600000, 0x0000000084700000|  0%| F|  |TAMS 0x0000000084600000, 0x0000000084600000| Untracked 
|  61|0x0000000084700000, 0x0000000084700000, 0x0000000084800000|  0%| F|  |TAMS 0x0000000084700000, 0x0000000084700000| Untracked 
|  62|0x0000000084800000, 0x0000000084800000, 0x0000000084900000|  0%| F|  |TAMS 0x0000000084800000, 0x0000000084800000| Untracked 
|  63|0x0000000084900000, 0x0000000084900000, 0x0000000084a00000|  0%| F|  |TAMS 0x0000000084900000, 0x0000000084900000| Untracked 
|  64|0x0000000084a00000, 0x0000000084a00000, 0x0000000084b00000|  0%| F|  |TAMS 0x0000000084a00000, 0x0000000084a00000| Untracked 
|  65|0x0000000084b00000, 0x0000000084b00000, 0x0000000084c00000|  0%| F|  |TAMS 0x0000000084b00000, 0x0000000084b00000| Untracked 
|  66|0x0000000084c00000, 0x0000000084c00000, 0x0000000084d00000|  0%| F|  |TAMS 0x0000000084c00000, 0x0000000084c00000| Untracked 
|  67|0x0000000084d00000, 0x0000000084d00000, 0x0000000084e00000|  0%| F|  |TAMS 0x0000000084d00000, 0x0000000084d00000| Untracked 
|  68|0x0000000084e00000, 0x0000000084e00000, 0x0000000084f00000|  0%| F|  |TAMS 0x0000000084e00000, 0x0000000084e00000| Untracked 
|  69|0x0000000084f00000, 0x0000000084f00000, 0x0000000085000000|  0%| F|  |TAMS 0x0000000084f00000, 0x0000000084f00000| Untracked 
|  70|0x0000000085000000, 0x0000000085000000, 0x0000000085100000|  0%| F|  |TAMS 0x0000000085000000, 0x0000000085000000| Untracked 
|  71|0x0000000085100000, 0x0000000085100000, 0x0000000085200000|  0%| F|  |TAMS 0x0000000085100000, 0x0000000085100000| Untracked 
|  72|0x0000000085200000, 0x0000000085200000, 0x0000000085300000|  0%| F|  |TAMS 0x0000000085200000, 0x0000000085200000| Untracked 
|  73|0x0000000085300000, 0x0000000085300000, 0x0000000085400000|  0%| F|  |TAMS 0x0000000085300000, 0x0000000085300000| Untracked 
|  74|0x0000000085400000, 0x0000000085400000, 0x0000000085500000|  0%| F|  |TAMS 0x0000000085400000, 0x0000000085400000| Untracked 
|  75|0x0000000085500000, 0x0000000085500000, 0x0000000085600000|  0%| F|  |TAMS 0x0000000085500000, 0x0000000085500000| Untracked 
|  76|0x0000000085600000, 0x0000000085600000, 0x0000000085700000|  0%| F|  |TAMS 0x0000000085600000, 0x0000000085600000| Untracked 
|  77|0x0000000085700000, 0x0000000085700000, 0x0000000085800000|  0%| F|  |TAMS 0x0000000085700000, 0x0000000085700000| Untracked 
|  78|0x0000000085800000, 0x0000000085800000, 0x0000000085900000|  0%| F|  |TAMS 0x0000000085800000, 0x0000000085800000| Untracked 
|  79|0x0000000085900000, 0x0000000085900000, 0x0000000085a00000|  0%| F|  |TAMS 0x0000000085900000, 0x0000000085900000| Untracked 
|  80|0x0000000085a00000, 0x0000000085a00000, 0x0000000085b00000|  0%| F|  |TAMS 0x0000000085a00000, 0x0000000085a00000| Untracked 
|  81|0x0000000085b00000, 0x0000000085b00000, 0x0000000085c00000|  0%| F|  |TAMS 0x0000000085b00000, 0x0000000085b00000| Untracked 
|  82|0x0000000085c00000, 0x0000000085c00000, 0x0000000085d00000|  0%| F|  |TAMS 0x0000000085c00000, 0x0000000085c00000| Untracked 
|  83|0x0000000085d00000, 0x0000000085d00000, 0x0000000085e00000|  0%| F|  |TAMS 0x0000000085d00000, 0x0000000085d00000| Untracked 
|  84|0x0000000085e00000, 0x0000000085e00000, 0x0000000085f00000|  0%| F|  |TAMS 0x0000000085e00000, 0x0000000085e00000| Untracked 
|  85|0x0000000085f00000, 0x0000000085f00000, 0x0000000086000000|  0%| F|  |TAMS 0x0000000085f00000, 0x0000000085f00000| Untracked 
|  86|0x0000000086000000, 0x0000000086000000, 0x0000000086100000|  0%| F|  |TAMS 0x0000000086000000, 0x0000000086000000| Untracked 
|  87|0x0000000086100000, 0x0000000086100000, 0x0000000086200000|  0%| F|  |TAMS 0x0000000086100000, 0x0000000086100000| Untracked 
|  88|0x0000000086200000, 0x0000000086200000, 0x0000000086300000|  0%| F|  |TAMS 0x0000000086200000, 0x0000000086200000| Untracked 
|  89|0x0000000086300000, 0x0000000086300000, 0x0000000086400000|  0%| F|  |TAMS 0x0000000086300000, 0x0000000086300000| Untracked 
|  90|0x0000000086400000, 0x0000000086400000, 0x0000000086500000|  0%| F|  |TAMS 0x0000000086400000, 0x0000000086400000| Untracked 
|  91|0x0000000086500000, 0x0000000086500000, 0x0000000086600000|  0%| F|  |TAMS 0x0000000086500000, 0x0000000086500000| Untracked 
|  92|0x0000000086600000, 0x0000000086600000, 0x0000000086700000|  0%| F|  |TAMS 0x0000000086600000, 0x0000000086600000| Untracked 
|  93|0x0000000086700000, 0x0000000086700000, 0x0000000086800000|  0%| F|  |TAMS 0x0000000086700000, 0x0000000086700000| Untracked 
|  94|0x0000000086800000, 0x0000000086800000, 0x0000000086900000|  0%| F|  |TAMS 0x0000000086800000, 0x0000000086800000| Untracked 
|  95|0x0000000086900000, 0x0000000086900000, 0x0000000086a00000|  0%| F|  |TAMS 0x0000000086900000, 0x0000000086900000| Untracked 
|  96|0x0000000086a00000, 0x0000000086a00000, 0x0000000086b00000|  0%| F|  |TAMS 0x0000000086a00000, 0x0000000086a00000| Untracked 
|  97|0x0000000086b00000, 0x0000000086b00000, 0x0000000086c00000|  0%| F|  |TAMS 0x0000000086b00000, 0x0000000086b00000| Untracked 
|  98|0x0000000086c00000, 0x0000000086c00000, 0x0000000086d00000|  0%| F|  |TAMS 0x0000000086c00000, 0x0000000086c00000| Untracked 
|  99|0x0000000086d00000, 0x0000000086d00000, 0x0000000086e00000|  0%| F|  |TAMS 0x0000000086d00000, 0x0000000086d00000| Untracked 
| 100|0x0000000086e00000, 0x0000000086e00000, 0x0000000086f00000|  0%| F|  |TAMS 0x0000000086e00000, 0x0000000086e00000| Untracked 
| 101|0x0000000086f00000, 0x0000000086f00000, 0x0000000087000000|  0%| F|  |TAMS 0x0000000086f00000, 0x0000000086f00000| Untracked 
| 102|0x0000000087000000, 0x0000000087000000, 0x0000000087100000|  0%| F|  |TAMS 0x0000000087000000, 0x0000000087000000| Untracked 
| 103|0x0000000087100000, 0x0000000087100000, 0x0000000087200000|  0%| F|  |TAMS 0x0000000087100000, 0x0000000087100000| Untracked 
| 104|0x0000000087200000, 0x0000000087200000, 0x0000000087300000|  0%| F|  |TAMS 0x0000000087200000, 0x0000000087200000| Untracked 
| 105|0x0000000087300000, 0x0000000087300000, 0x0000000087400000|  0%| F|  |TAMS 0x0000000087300000, 0x0000000087300000| Untracked 
| 106|0x0000000087400000, 0x0000000087400000, 0x0000000087500000|  0%| F|  |TAMS 0x0000000087400000, 0x0000000087400000| Untracked 
| 107|0x0000000087500000, 0x0000000087500000, 0x0000000087600000|  0%| F|  |TAMS 0x0000000087500000, 0x0000000087500000| Untracked 
| 108|0x0000000087600000, 0x0000000087600000, 0x0000000087700000|  0%| F|  |TAMS 0x0000000087600000, 0x0000000087600000| Untracked 
| 109|0x0000000087700000, 0x0000000087700000, 0x0000000087800000|  0%| F|  |TAMS 0x0000000087700000, 0x0000000087700000| Untracked 
| 110|0x0000000087800000, 0x0000000087800000, 0x0000000087900000|  0%| F|  |TAMS 0x0000000087800000, 0x0000000087800000| Untracked 
| 111|0x0000000087900000, 0x000000008797b548, 0x0000000087a00000| 48%| E|  |TAMS 0x0000000087900000, 0x0000000087900000| Complete 
| 112|0x0000000087a00000, 0x0000000087b00000, 0x0000000087b00000|100%| E|CS|TAMS 0x0000000087a00000, 0x0000000087a00000| Complete 
| 113|0x0000000087b00000, 0x0000000087c00000, 0x0000000087c00000|100%| E|CS|TAMS 0x0000000087b00000, 0x0000000087b00000| Complete 
| 114|0x0000000087c00000, 0x0000000087ccfa28, 0x0000000087d00000| 81%| S|CS|TAMS 0x0000000087c00000, 0x0000000087c00000| Complete 
| 115|0x0000000087d00000, 0x0000000087e00000, 0x0000000087e00000|100%| E|CS|TAMS 0x0000000087d00000, 0x0000000087d00000| Complete 
| 116|0x0000000087e00000, 0x0000000087f00000, 0x0000000087f00000|100%| E|CS|TAMS 0x0000000087e00000, 0x0000000087e00000| Complete 
| 117|0x0000000087f00000, 0x0000000088000000, 0x0000000088000000|100%| E|CS|TAMS 0x0000000087f00000, 0x0000000087f00000| Complete 
| 118|0x0000000088000000, 0x0000000088100000, 0x0000000088100000|100%| E|CS|TAMS 0x0000000088000000, 0x0000000088000000| Complete 
| 119|0x0000000088100000, 0x0000000088200000, 0x0000000088200000|100%| E|CS|TAMS 0x0000000088100000, 0x0000000088100000| Complete 
| 120|0x0000000088200000, 0x0000000088300000, 0x0000000088300000|100%| E|CS|TAMS 0x0000000088200000, 0x0000000088200000| Complete 
| 121|0x0000000088300000, 0x0000000088400000, 0x0000000088400000|100%| E|CS|TAMS 0x0000000088300000, 0x0000000088300000| Complete 
| 122|0x0000000088400000, 0x0000000088500000, 0x0000000088500000|100%| E|CS|TAMS 0x0000000088400000, 0x0000000088400000| Complete 
| 123|0x0000000088500000, 0x0000000088600000, 0x0000000088600000|100%| E|CS|TAMS 0x0000000088500000, 0x0000000088500000| Complete 
| 124|0x0000000088600000, 0x0000000088700000, 0x0000000088700000|100%| E|CS|TAMS 0x0000000088600000, 0x0000000088600000| Complete 
| 125|0x0000000088700000, 0x0000000088800000, 0x0000000088800000|100%| E|CS|TAMS 0x0000000088700000, 0x0000000088700000| Complete 
| 126|0x0000000088800000, 0x0000000088900000, 0x0000000088900000|100%| E|CS|TAMS 0x0000000088800000, 0x0000000088800000| Complete 
| 127|0x0000000088900000, 0x0000000088a00000, 0x0000000088a00000|100%| E|CS|TAMS 0x0000000088900000, 0x0000000088900000| Complete 

Card table byte_map: [0x000001b9c91b0000,0x000001b9c95b0000] _byte_map_base: 0x000001b9c8dab000

Marking Bits (Prev, Next): (CMBitMap*) 0x000001b9b13da6a0, (CMBitMap*) 0x000001b9b13da668
 Prev Bits: [0x000001b9cb990000, 0x000001b9cd968000)
 Next Bits: [0x000001b9c99b0000, 0x000001b9cb988000)

Polling page: 0x000001b9af2a0000

Metaspace:

Usage:
  Non-class:     21.01 MB capacity,    20.74 MB ( 99%) used,   214.21 KB ( <1%) free+waste,    54.44 KB ( <1%) overhead. 
      Class:      2.82 MB capacity,     2.60 MB ( 92%) used,   199.51 KB (  7%) free+waste,    26.25 KB ( <1%) overhead. 
       Both:     23.83 MB capacity,    23.34 MB ( 98%) used,   413.72 KB (  2%) free+waste,    80.69 KB ( <1%) overhead. 

Virtual space:
  Non-class space:       22.00 MB reserved,      21.25 MB ( 97%) committed 
      Class space:        1.00 GB reserved,       2.87 MB ( <1%) committed 
             Both:        1.02 GB reserved,      24.12 MB (  2%) committed 

Chunk freelists:
   Non-Class:  57.00 KB
       Class:  26.00 KB
        Both:  83.00 KB

MaxMetaspaceSize: 17179869184.00 GB
CompressedClassSpaceSize: 1.00 GB

CodeHeap 'non-profiled nmethods': size=120000Kb used=1567Kb max_used=1567Kb free=118432Kb
 bounds [0x000001b9c1550000, 0x000001b9c17c0000, 0x000001b9c8a80000]
CodeHeap 'profiled nmethods': size=120000Kb used=6788Kb max_used=6788Kb free=113211Kb
 bounds [0x000001b9ba020000, 0x000001b9ba6d0000, 0x000001b9c1550000]
CodeHeap 'non-nmethods': size=5760Kb used=1277Kb max_used=1335Kb free=4482Kb
 bounds [0x000001b9b9a80000, 0x000001b9b9cf0000, 0x000001b9ba020000]
 total_blobs=3783 nmethods=3097 adapters=597
 compilation: enabled
              stopped_count=0, restarted_count=0
 full_count=0

Compilation events (20 events):
Event: 38.156 Thread 0x000001b9d0c65000 3188   !   3       java.awt.Component::removeNotify (338 bytes)
Event: 38.158 Thread 0x000001b9d0c65000 nmethod 3188 0x000001b9ba6b4c10 code [0x000001b9ba6b5160, 0x000001b9ba6b80e8]
Event: 38.159 Thread 0x000001b9d0c65000 3189  s    3       sun.awt.im.InputContext::removeNotify (148 bytes)
Event: 38.161 Thread 0x000001b9d0c65000 nmethod 3189 0x000001b9ba6b9190 code [0x000001b9ba6b9620, 0x000001b9ba6bbf58]
Event: 38.161 Thread 0x000001b9d0c65000 3192   !   3       javax.swing.text.FieldView::getPreferredSpan (156 bytes)
Event: 38.162 Thread 0x000001b9d0c65000 nmethod 3192 0x000001b9ba6bca90 code [0x000001b9ba6bce00, 0x000001b9ba6be5a8]
Event: 38.162 Thread 0x000001b9d0c65000 3193       3       javax.swing.SwingUtilities::getUIInputMap (32 bytes)
Event: 38.163 Thread 0x000001b9d0c65000 nmethod 3193 0x000001b9ba6bf010 code [0x000001b9ba6bf1e0, 0x000001b9ba6bf5a8]
Event: 38.164 Thread 0x000001b9d0c65000 3194       3       sun.font.FontDesignMetrics::charsWidth (188 bytes)
Event: 38.165 Thread 0x000001b9d0c65000 nmethod 3194 0x000001b9ba6bf710 code [0x000001b9ba6bfa60, 0x000001b9ba6c0a48]
Event: 38.165 Thread 0x000001b9d0c65000 3195       3       sun.java2d.loops.ProcessPath$FillData::addPoint (86 bytes)
Event: 38.165 Thread 0x000001b9d0c65000 nmethod 3195 0x000001b9ba6c1190 code [0x000001b9ba6c1380, 0x000001b9ba6c1878]
Event: 38.165 Thread 0x000001b9d0c65000 3196       3       sun.java2d.loops.ProcessPath$Point::<init> (20 bytes)
Event: 38.165 Thread 0x000001b9d0c65000 nmethod 3196 0x000001b9ba6c1a10 code [0x000001b9ba6c1bc0, 0x000001b9ba6c1d38]
Event: 38.444 Thread 0x000001b9d03ea000 3197       4       java.awt.Rectangle::translate (197 bytes)
Event: 38.445 Thread 0x000001b9d03ea000 nmethod 3197 0x000001b9c16d5f90 code [0x000001b9c16d6120, 0x000001b9c16d6218]
Event: 38.869 Thread 0x000001b9d03ea000 3198       4       javax.swing.border.EmptyBorder::paintBorder (1 bytes)
Event: 38.869 Thread 0x000001b9d03ea000 nmethod 3198 0x000001b9c16d6310 code [0x000001b9c16d64a0, 0x000001b9c16d64f8]
Event: 39.027 Thread 0x000001b9d0c65000 3199       3       java.util.StringTokenizer::<init> (8 bytes)
Event: 39.027 Thread 0x000001b9d0c65000 nmethod 3199 0x000001b9ba6c1e10 code [0x000001b9ba6c1fc0, 0x000001b9ba6c20e8]

GC Heap History (4 events):
Event: 9.961 GC heap before
{Heap before GC invocations=0 (full 0):
 garbage-first heap   total 131072K, used 23552K [0x0000000080a00000, 0x0000000100000000)
  region size 1024K, 24 young (24576K), 0 survivors (0K)
 Metaspace       used 19577K, capacity 20026K, committed 20224K, reserved 1067008K
  class space    used 2254K, capacity 2452K, committed 2560K, reserved 1048576K
}
Event: 9.967 GC heap after
{Heap after GC invocations=1 (full 0):
 garbage-first heap   total 131072K, used 5322K [0x0000000080a00000, 0x0000000100000000)
  region size 1024K, 3 young (3072K), 3 survivors (3072K)
 Metaspace       used 19577K, capacity 20026K, committed 20224K, reserved 1067008K
  class space    used 2254K, capacity 2452K, committed 2560K, reserved 1048576K
}
Event: 18.514 GC heap before
{Heap before GC invocations=1 (full 0):
 garbage-first heap   total 131072K, used 16586K [0x0000000080a00000, 0x0000000100000000)
  region size 1024K, 16 young (16384K), 3 survivors (3072K)
 Metaspace       used 20781K, capacity 21214K, committed 21248K, reserved 1069056K
  class space    used 2356K, capacity 2549K, committed 2560K, reserved 1048576K
}
Event: 18.519 GC heap after
{Heap after GC invocations=2 (full 0):
 garbage-first heap   total 131072K, used 6029K [0x0000000080a00000, 0x0000000100000000)
  region size 1024K, 1 young (1024K), 1 survivors (1024K)
 Metaspace       used 20781K, capacity 21214K, committed 21248K, reserved 1069056K
  class space    used 2356K, capacity 2549K, committed 2560K, reserved 1048576K
}

Deoptimization events (20 events):
Event: 33.310 Thread 0x000001b9d13a3000 Uncommon trap: trap_request=0xffffffd6 fr.pc=0x000001b9c1618960 relative=0x00000000000008e0
Event: 33.310 Thread 0x000001b9d13a3000 Uncommon trap: reason=array_check action=maybe_recompile pc=0x000001b9c1618960 method=java.util.ComparableTimSort.binarySort([Ljava/lang/Object;III)V @ 215 c2
Event: 33.310 Thread 0x000001b9d13a3000 DEOPT PACKING pc=0x000001b9c1618960 sp=0x000000731f9fe3f0
Event: 33.310 Thread 0x000001b9d13a3000 DEOPT UNPACKING pc=0x000001b9b9aa74af sp=0x000000731f9fe3b0 mode 2
Event: 33.326 Thread 0x000001b9d13a3000 Uncommon trap: trap_request=0xffffffd6 fr.pc=0x000001b9c16c2aa0 relative=0x0000000000000d20
Event: 33.326 Thread 0x000001b9d13a3000 Uncommon trap: reason=array_check action=maybe_recompile pc=0x000001b9c16c2aa0 method=java.util.ComparableTimSort.binarySort([Ljava/lang/Object;III)V @ 183 c2
Event: 33.326 Thread 0x000001b9d13a3000 DEOPT PACKING pc=0x000001b9c16c2aa0 sp=0x000000731f9fe3e0
Event: 33.326 Thread 0x000001b9d13a3000 DEOPT UNPACKING pc=0x000001b9b9aa74af sp=0x000000731f9fe3b0 mode 2
Event: 33.326 Thread 0x000001b9d13a3000 Uncommon trap: trap_request=0xffffffd6 fr.pc=0x000001b9c16c2aa0 relative=0x0000000000000d20
Event: 33.326 Thread 0x000001b9d13a3000 Uncommon trap: reason=array_check action=maybe_recompile pc=0x000001b9c16c2aa0 method=java.util.ComparableTimSort.binarySort([Ljava/lang/Object;III)V @ 183 c2
Event: 33.326 Thread 0x000001b9d13a3000 DEOPT PACKING pc=0x000001b9c16c2aa0 sp=0x000000731f9fe3e0
Event: 33.326 Thread 0x000001b9d13a3000 DEOPT UNPACKING pc=0x000001b9b9aa74af sp=0x000000731f9fe3b0 mode 2
Event: 33.426 Thread 0x000001b9d13a3000 Uncommon trap: trap_request=0xffffffbe fr.pc=0x000001b9c16a2afc relative=0x0000000000000d7c
Event: 33.426 Thread 0x000001b9d13a3000 Uncommon trap: reason=profile_predicate action=maybe_recompile pc=0x000001b9c16a2afc method=java.util.ComparableTimSort.binarySort([Ljava/lang/Object;III)V @ 32 c2
Event: 33.426 Thread 0x000001b9d13a3000 DEOPT PACKING pc=0x000001b9c16a2afc sp=0x000000731f9fe3f0
Event: 33.426 Thread 0x000001b9d13a3000 DEOPT UNPACKING pc=0x000001b9b9aa74af sp=0x000000731f9fe3c8 mode 2
Event: 34.263 Thread 0x000001b9d140e800 Uncommon trap: trap_request=0xffffff4d fr.pc=0x000001b9c16aae10 relative=0x0000000000004130
Event: 34.263 Thread 0x000001b9d140e800 Uncommon trap: reason=unstable_if action=reinterpret pc=0x000001b9c16aae10 method=java.lang.StringLatin1.regionMatchesCI([BI[BII)Z @ 66 c2
Event: 34.263 Thread 0x000001b9d140e800 DEOPT PACKING pc=0x000001b9c16aae10 sp=0x000000731faf7410
Event: 34.263 Thread 0x000001b9d140e800 DEOPT UNPACKING pc=0x000001b9b9aa74af sp=0x000000731faf7258 mode 2

Classes redefined (0 events):
No events

Internal exceptions (20 events):
Event: 0.448 Thread 0x000001b9d140e800 Exception <a 'java/lang/NoSuchMethodError'{0x00000000882e52b0}: 'void java.lang.invoke.DirectMethodHandle$Holder.invokeStaticInit(java.lang.Object)'> (0x00000000882e52b0) thrown at [./src/hotspot/share/interpreter/linkResolver.cpp, line 773]
Event: 0.455 Thread 0x000001b9d140e800 Exception <a 'java/lang/NoSuchMethodError'{0x000000008810de28}: 'java.lang.Object java.lang.invoke.DirectMethodHandle$Holder.invokeStatic(java.lang.Object, int, java.lang.Object, java.lang.Object, java.lang.Object, java.lang.Object)'> (0x000000008810de28) thrown at [./src/hotspot/share/interpreter/linkResolver.cpp, line 773]
Event: 0.456 Thread 0x000001b9d140e800 Exception <a 'java/lang/NoSuchMethodError'{0x0000000088114ee8}: 'java.lang.Object java.lang.invoke.DirectMethodHandle$Holder.invokeStatic(java.lang.Object, int, java.lang.Object, java.lang.Object, java.lang.Object)'> (0x0000000088114ee8) thrown at [./src/hotspot/share/interpreter/linkResolver.cpp, line 773]
Event: 0.457 Thread 0x000001b9d140e800 Exception <a 'java/lang/NoSuchMethodError'{0x0000000088118a30}: 'java.lang.Object java.lang.invoke.DirectMethodHandle$Holder.invokeSpecial(java.lang.Object, java.lang.Object, int, java.lang.Object, java.lang.Object, java.lang.Object)'> (0x0000000088118a30) thrown at [./src/hotspot/share/interpreter/linkResolver.cpp, line 773]
Event: 0.459 Thread 0x000001b9d140e800 Exception <a 'java/lang/NoSuchMethodError'{0x0000000088130610}: 'java.lang.Object java.lang.invoke.DirectMethodHandle$Holder.invokeStatic(java.lang.Object, int, java.lang.Object)'> (0x0000000088130610) thrown at [./src/hotspot/share/interpreter/linkResolver.cpp, line 773]
Event: 0.472 Thread 0x000001b9d140e800 Exception <a 'java/lang/NoSuchMethodError'{0x000000008819ee68}: 'java.lang.Object java.lang.invoke.DirectMethodHandle$Holder.invokeStatic(java.lang.Object, java.lang.Object, java.lang.Object, java.lang.Object, java.lang.Object, java.lang.Object, java.lang.Object, java.lang.Object, java.lang.Object, java.lang.Object, java.lang.Object, int)'> (0x000000008819ee68) thrown at [./src/hotspot/share/interpreter/linkResolver.cpp, line 773]
Event: 0.474 Thread 0x000001b9d140e800 Exception <a 'java/lang/NoSuchMethodError'{0x00000000881bcd68}: 'java.lang.Object java.lang.invoke.DirectMethodHandle$Holder.invokeStatic(java.lang.Object, java.lang.Object, java.lang.Object, java.lang.Object, java.lang.Object, java.lang.Object, java.lang.Object, java.lang.Object, java.lang.Object, java.lang.Object, java.lang.Object, int, int)'> (0x00000000881bcd68) thrown at [./src/hotspot/share/interpreter/linkResolver.cpp, line 773]
Event: 0.477 Thread 0x000001b9d140e800 Exception <a 'java/lang/NoSuchMethodError'{0x00000000881dbaf8}: 'java.lang.Object java.lang.invoke.DirectMethodHandle$Holder.invokeStatic(java.lang.Object, java.lang.Object, java.lang.Object, java.lang.Object, java.lang.Object, java.lang.Object, java.lang.Object, java.lang.Object, java.lang.Object, java.lang.Object, java.lang.Object, int, int, java.lang.Object)'> (0x00000000881dbaf8) thrown at [./src/hotspot/share/interpreter/linkResolver.cpp, line 773]
Event: 0.479 Thread 0x000001b9d140e800 Exception <a 'java/lang/NoSuchMethodError'{0x00000000881fc220}: 'java.lang.Object java.lang.invoke.DirectMethodHandle$Holder.invokeStatic(java.lang.Object, java.lang.Object, java.lang.Object, java.lang.Object, java.lang.Object, java.lang.Object, java.lang.Object, java.lang.Object, java.lang.Object, java.lang.Object, java.lang.Object, int, int, java.lang.Object, java.lang.Object)'> (0x00000000881fc220) thrown at [./src/hotspot/share/interpreter/linkResolver.cpp, line 773]
Event: 0.491 Thread 0x000001b9d140e800 Exception <a 'java/lang/NoSuchMethodError'{0x0000000088077350}: 'java.lang.Object java.lang.invoke.DirectMethodHandle$Holder.invokeStatic(java.lang.Object, java.lang.Object, java.lang.Object, java.lang.Object, java.lang.Object, java.lang.Object, java.lang.Object, java.lang.Object, java.lang.Object, java.lang.Object, java.lang.Object, java.lang.Object, java.lang.Object, int)'> (0x0000000088077350) thrown at [./src/hotspot/share/interpreter/linkResolver.cpp, line 773]
Event: 0.492 Thread 0x000001b9d140e800 Exception <a 'java/lang/NoSuchMethodError'{0x0000000088083d20}: 'java.lang.Object java.lang.invoke.DirectMethodHandle$Holder.invokeStatic(java.lang.Object, java.lang.Object, java.lang.Object, java.lang.Object, java.lang.Object, java.lang.Object, java.lang.Object, java.lang.Object, java.lang.Object, java.lang.Object, java.lang.Object, java.lang.Object, java.lang.Object, int, int)'> (0x0000000088083d20) thrown at [./src/hotspot/share/interpreter/linkResolver.cpp, line 773]
Event: 0.507 Thread 0x000001b9d140e800 Exception <a 'java/lang/ClassNotFoundException'{0x00000000880d74d0}: com/sun/java/swing/plaf/windows/resources/spi/windowsProvider> (0x00000000880d74d0) thrown at [./src/hotspot/share/classfile/systemDictionary.cpp, line 231]
Event: 0.509 Thread 0x000001b9d140e800 Exception <a 'java/lang/ClassNotFoundException'{0x00000000880dd198}: com/sun/swing/internal/plaf/basic/resources/spi/basicProvider> (0x00000000880dd198) thrown at [./src/hotspot/share/classfile/systemDictionary.cpp, line 231]
Event: 0.953 Thread 0x000001b9d140e800 Exception <a 'java/lang/NoSuchMethodError'{0x0000000087c41188}: 'java.lang.Object java.lang.invoke.Invokers$Holder.linkToTargetMethod(java.lang.Object, int, java.lang.Object)'> (0x0000000087c41188) thrown at [./src/hotspot/share/interpreter/linkResolver.cpp, line 773]
Event: 2.050 Thread 0x000001b9d140e800 Implicit null exception at 0x000001b9c15ccaec to 0x000001b9c15ccca8
Event: 18.468 Thread 0x000001b9d2f29800 Exception <a 'java/lang/NoClassDefFoundError'{0x00000000882da130}: org/slf4j/impl/StaticLoggerBinder> (0x00000000882da130) thrown at [./src/hotspot/share/classfile/systemDictionary.cpp, line 220]
Event: 18.594 Thread 0x000001b9d2f29800 Exception <a 'java/lang/NoSuchMethodError'{0x000000008866edf0}: 'java.lang.Object java.lang.invoke.DirectMethodHandle$Holder.invokeStatic(java.lang.Object, int, int, int, int)'> (0x000000008866edf0) thrown at [./src/hotspot/share/interpreter/linkResolver.cpp, line 773]
Event: 18.594 Thread 0x000001b9d2f29800 Exception <a 'java/lang/NoSuchMethodError'{0x0000000088671f18}: 'java.lang.Object java.lang.invoke.DirectMethodHandle$Holder.invokeStaticInit(java.lang.Object, int, int, int, int)'> (0x0000000088671f18) thrown at [./src/hotspot/share/interpreter/linkResolver.cpp, line 773]
Event: 18.688 Thread 0x000001b9d2f29800 Exception <a 'java/lang/NoSuchMethodError'{0x00000000886edba0}: 'java.lang.Object java.lang.invoke.DirectMethodHandle$Holder.invokeStatic(java.lang.Object, java.lang.Object, int, int, int, int)'> (0x00000000886edba0) thrown at [./src/hotspot/share/interpreter/linkResolver.cpp, line 773]
Event: 18.689 Thread 0x000001b9d2f29800 Exception <a 'java/lang/NoSuchMethodError'{0x00000000886f0ef8}: 'java.lang.Object java.lang.invoke.DirectMethodHandle$Holder.invokeStaticInit(java.lang.Object, java.lang.Object, int, int, int, int)'> (0x00000000886f0ef8) thrown at [./src/hotspot/share/interpreter/linkResolver.cpp, line 773]

Events (20 events):
Event: 38.113 loading class java/util/stream/Sink$ChainedReference
Event: 38.113 loading class java/util/stream/Sink$ChainedReference done
Event: 38.113 loading class java/util/stream/ReferencePipeline$2$1 done
Event: 38.113 loading class java/util/stream/IntPipeline$1$1
Event: 38.113 loading class java/util/stream/Sink$ChainedInt
Event: 38.113 loading class java/util/stream/Sink$OfInt
Event: 38.113 loading class java/util/function/IntConsumer
Event: 38.113 loading class java/util/function/IntConsumer done
Event: 38.113 loading class java/util/stream/Sink$OfInt done
Event: 38.113 loading class java/util/stream/Sink$ChainedInt done
Event: 38.113 loading class java/util/stream/IntPipeline$1$1 done
Event: 38.114 loading class javax/swing/filechooser/WindowsFileSystemView$2
Event: 38.114 loading class javax/swing/filechooser/FileSystemView$FileSystemRoot
Event: 38.114 loading class javax/swing/filechooser/FileSystemView$FileSystemRoot done
Event: 38.114 Executing VM operation: Deoptimize
Event: 38.114 Executing VM operation: Deoptimize done
Event: 38.114 loading class javax/swing/filechooser/WindowsFileSystemView$2 done
Event: 38.147 Executing VM operation: RevokeBias
Event: 38.147 Executing VM operation: RevokeBias done
Event: 39.125 Thread 0x000001b9d2f29800 Thread added: 0x000001b9d2f29800


Dynamic libraries:
0x00007ff647400000 - 0x00007ff64740d000 	C:\Program Files\AdoptOpenJDK\jdk-11.0.9.11-hotspot\bin\javaw.exe
0x00007ffca5990000 - 0x00007ffca5b86000 	C:\Windows\SYSTEM32\ntdll.dll
0x00007ffc80860000 - 0x00007ffc80872000 	C:\Program Files\Avast Software\Avast\aswhook.dll
0x00007ffca4f30000 - 0x00007ffca4fed000 	C:\Windows\System32\KERNEL32.DLL
0x00007ffca36c0000 - 0x00007ffca3988000 	C:\Windows\System32\KERNELBASE.dll
0x00007ffca3460000 - 0x00007ffca3560000 	C:\Windows\System32\ucrtbase.dll
0x00007ffc7ff60000 - 0x00007ffc7ff77000 	C:\Program Files\AdoptOpenJDK\jdk-11.0.9.11-hotspot\bin\jli.dll
0x00007ffca4c80000 - 0x00007ffca4e20000 	C:\Windows\System32\USER32.dll
0x00007ffca33e0000 - 0x00007ffca3402000 	C:\Windows\System32\win32u.dll
0x00007ffca4790000 - 0x00007ffca47ba000 	C:\Windows\System32\GDI32.dll
0x00007ffca3180000 - 0x00007ffca3289000 	C:\Windows\System32\gdi32full.dll
0x00007ffca3310000 - 0x00007ffca33ad000 	C:\Windows\System32\msvcp_win.dll
0x00007ffc7c360000 - 0x00007ffc7c375000 	C:\Program Files\AdoptOpenJDK\jdk-11.0.9.11-hotspot\bin\VCRUNTIME140.dll
0x00007ffc8a910000 - 0x00007ffc8abab000 	C:\Windows\WinSxS\amd64_microsoft.windows.common-controls_6595b64144ccf1df_6.0.19041.488_none_ca04af081b815d21\COMCTL32.dll
0x00007ffca46f0000 - 0x00007ffca478e000 	C:\Windows\System32\msvcrt.dll
0x00007ffca48d0000 - 0x00007ffca4900000 	C:\Windows\System32\IMM32.DLL
0x00007ffc62940000 - 0x00007ffc629db000 	C:\Program Files\AdoptOpenJDK\jdk-11.0.9.11-hotspot\bin\msvcp140.dll
0x00007ffc44070000 - 0x00007ffc44b3e000 	C:\Program Files\AdoptOpenJDK\jdk-11.0.9.11-hotspot\bin\server\jvm.dll
0x00007ffca4820000 - 0x00007ffca48cc000 	C:\Windows\System32\ADVAPI32.dll
0x00007ffca4e30000 - 0x00007ffca4ecb000 	C:\Windows\System32\sechost.dll
0x00007ffca5540000 - 0x00007ffca5664000 	C:\Windows\System32\RPCRT4.dll
0x00007ffca50c0000 - 0x00007ffca50c8000 	C:\Windows\System32\PSAPI.DLL
0x00007ffc99cb0000 - 0x00007ffc99cb9000 	C:\Windows\SYSTEM32\WSOCK32.dll
0x00007ffca4ff0000 - 0x00007ffca505b000 	C:\Windows\System32\WS2_32.dll
0x00007ffc8e8e0000 - 0x00007ffc8e907000 	C:\Windows\SYSTEM32\WINMM.dll
0x00007ffc9d650000 - 0x00007ffc9d65a000 	C:\Windows\SYSTEM32\VERSION.dll
0x00007ffca1040000 - 0x00007ffca1052000 	C:\Windows\SYSTEM32\kernel.appcore.dll
0x00007ffc9e8a0000 - 0x00007ffc9e8b0000 	C:\Program Files\AdoptOpenJDK\jdk-11.0.9.11-hotspot\bin\verify.dll
0x00007ffc9cb70000 - 0x00007ffc9cd54000 	C:\Windows\SYSTEM32\DBGHELP.DLL
0x00007ffc9c980000 - 0x00007ffc9c9ac000 	C:\Windows\SYSTEM32\dbgcore.DLL
0x00007ffca3290000 - 0x00007ffca330f000 	C:\Windows\System32\bcryptPrimitives.dll
0x00007ffc85e60000 - 0x00007ffc85e88000 	C:\Program Files\AdoptOpenJDK\jdk-11.0.9.11-hotspot\bin\java.dll
0x00007ffc9cdc0000 - 0x00007ffc9cdca000 	C:\Program Files\AdoptOpenJDK\jdk-11.0.9.11-hotspot\bin\jimage.dll
0x00007ffc8e9a0000 - 0x00007ffc8e9b7000 	C:\Program Files\AdoptOpenJDK\jdk-11.0.9.11-hotspot\bin\zip.dll
0x00007ffca3fa0000 - 0x00007ffca46e1000 	C:\Windows\System32\SHELL32.dll
0x00007ffca1240000 - 0x00007ffca19d5000 	C:\Windows\SYSTEM32\windows.storage.dll
0x00007ffca3c40000 - 0x00007ffca3f95000 	C:\Windows\System32\combase.dll
0x00007ffca2a70000 - 0x00007ffca2a9c000 	C:\Windows\SYSTEM32\Wldp.dll
0x00007ffca4bd0000 - 0x00007ffca4c7e000 	C:\Windows\System32\SHCORE.dll
0x00007ffca3aa0000 - 0x00007ffca3af5000 	C:\Windows\System32\shlwapi.dll
0x00007ffca3000000 - 0x00007ffca3026000 	C:\Windows\SYSTEM32\profapi.dll
0x00007ffc55800000 - 0x00007ffc55999000 	C:\Program Files\AdoptOpenJDK\jdk-11.0.9.11-hotspot\bin\awt.dll
0x00007ffca49e0000 - 0x00007ffca4aad000 	C:\Windows\System32\OLEAUT32.dll
0x00007ffca0a30000 - 0x00007ffca0ac0000 	C:\Windows\SYSTEM32\apphelp.dll
0x00007ffc8de00000 - 0x00007ffc8de19000 	C:\Program Files\AdoptOpenJDK\jdk-11.0.9.11-hotspot\bin\net.dll
0x00007ffc9e8c0000 - 0x00007ffc9e9c0000 	C:\Windows\SYSTEM32\WINHTTP.dll
0x00007ffca27f0000 - 0x00007ffca285a000 	C:\Windows\system32\mswsock.dll
0x00007ffc8b7a0000 - 0x00007ffc8b7b2000 	C:\Program Files\AdoptOpenJDK\jdk-11.0.9.11-hotspot\bin\nio.dll
0x00007ffca0b80000 - 0x00007ffca0c1e000 	C:\Windows\system32\uxtheme.dll
0x00007ffca4ab0000 - 0x00007ffca4bc5000 	C:\Windows\System32\MSCTF.dll
0x00007ffca5670000 - 0x00007ffca579a000 	C:\Windows\System32\ole32.dll
0x00007ffca0e60000 - 0x00007ffca0e8f000 	C:\Windows\system32\DWMAPI.DLL
0x00007ffc556b0000 - 0x00007ffc557d5000 	C:\Windows\system32\opengl32.dll
0x00007ffc86bb0000 - 0x00007ffc86bdc000 	C:\Windows\SYSTEM32\GLU32.dll
0x00007ffc9be90000 - 0x00007ffc9c05e000 	C:\Windows\system32\d3d9.dll
0x00007ffc92430000 - 0x00007ffc92532000 	C:\Windows\System32\DriverStore\FileRepository\nvmdi.inf_amd64_e30e8f8e83347a2e\nvldumdx.dll
0x00007ffca2c50000 - 0x00007ffca2c62000 	C:\Windows\SYSTEM32\msasn1.dll
0x00007ffc9d5e0000 - 0x00007ffc9d611000 	C:\Windows\SYSTEM32\cryptnet.dll
0x00007ffca3560000 - 0x00007ffca36bd000 	C:\Windows\System32\CRYPT32.dll
0x00007ffca29e0000 - 0x00007ffca29ec000 	C:\Windows\SYSTEM32\cryptbase.dll
0x00007ffca3990000 - 0x00007ffca39f0000 	C:\Windows\System32\WINTRUST.DLL
0x00007ffca3a70000 - 0x00007ffca3a8d000 	C:\Windows\System32\imagehlp.dll
0x00007ffca29c0000 - 0x00007ffca29d8000 	C:\Windows\SYSTEM32\CRYPTSP.dll
0x00007ffca2180000 - 0x00007ffca21b4000 	C:\Windows\system32\rsaenh.dll
0x00007ffca33b0000 - 0x00007ffca33d7000 	C:\Windows\System32\bcrypt.dll
0x00007ffc42650000 - 0x00007ffc4406c000 	C:\Windows\System32\DriverStore\FileRepository\nvmdi.inf_amd64_e30e8f8e83347a2e\nvd3dumx.dll
0x00007ffc60e00000 - 0x00007ffc610b9000 	C:\Windows\system32\nvspcap64.dll
0x00007ffca1e10000 - 0x00007ffca1e43000 	C:\Windows\SYSTEM32\ntmarta.dll
0x00007ffca19f0000 - 0x00007ffca1a13000 	C:\Windows\SYSTEM32\gpapi.dll
0x00007ffc91cf0000 - 0x00007ffc91d2b000 	C:\Windows\SYSTEM32\dxcore.dll
0x00007ffca3410000 - 0x00007ffca345e000 	C:\Windows\System32\cfgmgr32.dll
0x00007ffc7c8f0000 - 0x00007ffc7c972000 	C:\Program Files\AdoptOpenJDK\jdk-11.0.9.11-hotspot\bin\freetype.dll
0x00007ffc4cc70000 - 0x00007ffc4cd16000 	C:\Program Files\AdoptOpenJDK\jdk-11.0.9.11-hotspot\bin\fontmanager.dll
0x00007ffc94a20000 - 0x00007ffc94b1c000 	C:\Windows\SYSTEM32\textinputframework.dll
0x00007ffca0460000 - 0x00007ffca07be000 	C:\Windows\System32\CoreUIComponents.dll
0x00007ffca07c0000 - 0x00007ffca08b2000 	C:\Windows\System32\CoreMessaging.dll
0x00007ffc9fd60000 - 0x00007ffc9feb6000 	C:\Windows\SYSTEM32\wintypes.dll
0x00007ffca3b90000 - 0x00007ffca3c39000 	C:\Windows\System32\clbcatq.dll
0x00007ffc94700000 - 0x00007ffc948b4000 	C:\Windows\SYSTEM32\WindowsCodecs.dll
0x00007ffc82ab0000 - 0x00007ffc82aee000 	C:\Windows\system32\dataexchange.dll
0x00007ffc9f520000 - 0x00007ffc9f784000 	C:\Windows\system32\d3d11.dll
0x00007ffc9fec0000 - 0x00007ffca00a5000 	C:\Windows\system32\dcomp.dll
0x00007ffca1a20000 - 0x00007ffca1b13000 	C:\Windows\system32\dxgi.dll
0x00007ffc94f10000 - 0x00007ffc95118000 	C:\Windows\system32\twinapi.appcore.dll
0x00007ffc84790000 - 0x00007ffc84840000 	C:\Windows\WinSxS\amd64_microsoft.windows.common-controls_6595b64144ccf1df_5.82.19041.488_none_4238de57f6b64d28\comctl32.dll
0x00007ffc9d8b0000 - 0x00007ffc9d9a7000 	C:\Windows\system32\propsys.dll
0x00007ffc8b950000 - 0x00007ffc8b967000 	C:\Windows\system32\NetworkExplorer.dll
0x00007ffc7d4e0000 - 0x00007ffc7d545000 	C:\Windows\System32\thumbcache.dll
0x00007ffc80b70000 - 0x00007ffc80b8d000 	C:\Windows\SYSTEM32\MPR.dll
0x00007ffc9d5d0000 - 0x00007ffc9d5db000 	C:\Windows\System32\drprov.dll
0x00007ffca2ae0000 - 0x00007ffca2b3a000 	C:\Windows\System32\WINSTA.dll
0x00007ffc8e970000 - 0x00007ffc8e988000 	C:\Windows\System32\ntlanman.dll
0x00007ffc8c8e0000 - 0x00007ffc8c8fe000 	C:\Windows\System32\davclnt.dll
0x00007ffc9d5c0000 - 0x00007ffc9d5cd000 	C:\Windows\System32\DAVHLPR.dll
0x00007ffca22b0000 - 0x00007ffca22c7000 	C:\Windows\System32\wkscli.dll
0x00007ffc80bc0000 - 0x00007ffc80bd2000 	C:\Windows\SYSTEM32\cscapi.dll
0x00007ffca25f0000 - 0x00007ffca25fc000 	C:\Windows\System32\netutils.dll
0x00007ffc86c10000 - 0x00007ffc86c64000 	C:\Windows\System32\dlnashext.dll
0x00007ffc52030000 - 0x00007ffc52094000 	C:\Windows\System32\PlayToDevice.dll
0x00007ffc98f00000 - 0x00007ffc98f20000 	C:\Windows\System32\DevDispItemProvider.dll
0x00007ffc9dc40000 - 0x00007ffc9dcc5000 	C:\Windows\System32\MMDevApi.dll
0x00007ffca2e10000 - 0x00007ffca2e3c000 	C:\Windows\System32\DEVOBJ.dll
0x00007ffc55c40000 - 0x00007ffc55ce1000 	C:\Windows\system32\wpdshext.dll
0x00007ffc85760000 - 0x00007ffc85906000 	C:\Windows\WinSxS\amd64_microsoft.windows.gdiplus_6595b64144ccf1df_1.1.19041.630_none_fae7a41d761b04f0\gdiplus.dll
0x00007ffc9ecb0000 - 0x00007ffc9ed51000 	C:\Windows\System32\PortableDeviceApi.dll
0x00007ffca50d0000 - 0x00007ffca5537000 	C:\Windows\System32\SETUPAPI.dll
0x00007ffc9da90000 - 0x00007ffc9dac1000 	C:\Windows\System32\PortableDeviceTypes.dll
0x00007ffc6e500000 - 0x00007ffc6e537000 	C:\Windows\System32\EhStorShell.dll
0x00007ffc8b7e0000 - 0x00007ffc8b806000 	C:\Windows\System32\EhStorAPI.dll
0x00007ffc9ea90000 - 0x00007ffc9eaa4000 	C:\Windows\System32\WTSAPI32.dll
0x00007ffc86c00000 - 0x00007ffc86c0d000 	C:\Windows\SYSTEM32\LINKINFO.dll
0x00007ffc98fd0000 - 0x00007ffc98fdc000 	C:\Windows\SYSTEM32\Secur32.dll
0x00007ffca2f80000 - 0x00007ffca2fbc000 	C:\Windows\SYSTEM32\SSPICLI.DLL
0x00007ffc97040000 - 0x00007ffc97059000 	C:\Windows\SYSTEM32\samcli.dll
0x00007ffc96cd0000 - 0x00007ffc96cf4000 	C:\Windows\SYSTEM32\SAMLIB.dll
0x00007ffc95810000 - 0x00007ffc95904000 	C:\Windows\System32\MrmCoreR.dll
0x00007ffc95520000 - 0x00007ffc957d0000 	C:\Windows\System32\iertutil.dll
0x00007ffc96c50000 - 0x00007ffc96c61000 	C:\Windows\SYSTEM32\windows.staterepositorycore.dll
0x00007ffca2fc0000 - 0x00007ffca2fee000 	C:\Windows\SYSTEM32\USERENV.dll
0x00007ffca24e0000 - 0x00007ffca251b000 	C:\Windows\SYSTEM32\IPHLPAPI.DLL
0x00007ffca3a90000 - 0x00007ffca3a98000 	C:\Windows\System32\NSI.dll
0x00007ffc9eda0000 - 0x00007ffc9edb7000 	C:\Windows\SYSTEM32\dhcpcsvc6.DLL
0x00007ffc9ed80000 - 0x00007ffc9ed9d000 	C:\Windows\SYSTEM32\dhcpcsvc.DLL
0x00007ffca2520000 - 0x00007ffca25eb000 	C:\Windows\SYSTEM32\DNSAPI.dll
0x000000006e740000 - 0x000000006fda5000 	C:\Users\Michael\AppData\Local\Temp\xuggle\xuggle18227220464922155757.dll
0x00007ffc8e820000 - 0x00007ffc8e839000 	C:\Windows\SYSTEM32\AVICAP32.dll
0x00007ffc8de60000 - 0x00007ffc8de8b000 	C:\Windows\SYSTEM32\MSVFW32.dll

dbghelp: loaded successfully - version: 4.0.5 - missing functions: none
symbol engine: initialized successfully - sym options: 0x614 - pdb path: .;C:\Program Files\AdoptOpenJDK\jdk-11.0.9.11-hotspot\bin;C:\Windows\SYSTEM32;C:\Program Files\Avast Software\Avast;C:\Windows\WinSxS\amd64_microsoft.windows.common-controls_6595b64144ccf1df_6.0.19041.488_none_ca04af081b815d21;C:\Program Files\AdoptOpenJDK\jdk-11.0.9.11-hotspot\bin\server;C:\Windows\System32\DriverStore\FileRepository\nvmdi.inf_amd64_e30e8f8e83347a2e;C:\Windows\WinSxS\amd64_microsoft.windows.common-controls_6595b64144ccf1df_5.82.19041.488_none_4238de57f6b64d28;C:\Windows\WinSxS\amd64_microsoft.windows.gdiplus_6595b64144ccf1df_1.1.19041.630_none_fae7a41d761b04f0;C:\Users\Michael\AppData\Local\Temp\xuggle

VM Arguments:
jvm_args: -Dfile.encoding=Cp1252 
java_command: OMM.Main
java_class_path (initial): C:\Users\Michael\eclipse-workspace\OMM\bin\main;C:\Users\Michael\.gradle\caches\modules-2\files-2.1\org.apache.commons\commons-math3\3.6.1\e4ba98f1d4b3c80ec46392f25e094a6a2e58fcbf\commons-math3-3.6.1.jar;C:\Users\Michael\.gradle\caches\modules-2\files-2.1\com.fasterxml.jackson.core\jackson-databind\2.0.1\1d160beb3f8924d5b98d03d94a149021146f71cc\jackson-databind-2.0.1.jar;C:\Users\Michael\.gradle\caches\modules-2\files-2.1\com.github.atomashpolskiy\bt-upnp\1.9\7c496b696dd969820ed3a9378567e5b78e095022\bt-upnp-1.9.jar;C:\Users\Michael\.gradle\caches\modules-2\files-2.1\org.fourthline.cling\cling-support\2.1.1\4b24a331452a3b4b078954490bf7430459495f6c\cling-support-2.1.1.jar;C:\Users\Michael\.gradle\caches\modules-2\files-2.1\org.fourthline.cling\cling-core\2.1.2\c05148e62f16d60dc0a653b1ca3fbefb93a2ad97\cling-core-2.1.2.jar;C:\Users\Michael\.gradle\caches\modules-2\files-2.1\com.github.atomashpolskiy\bt-http-tracker-client\1.9\d0caaa627db4f6e7c6c83e2f72c631b26c360911\bt-http-tracker-client-1.9.jar;C:\Users\Michael\.gradle\caches\modules-2\files-2.1\com.github.atomashpolskiy\bt-core\1.9\5184890baab488c670a0fcb4bc8500a8d824948f\bt-core-1.9.jar;C:\Users\Michael\.gradle\caches\modules-2\files-2.1\com.github.atomashpolskiy\bt-dht\1.9\1f4be2fc3c7355beac1b31f89a0e647bc198c2be\bt-dht-1.9.jar;C:\Users\Michael\.gradle\caches\modules-2\files-2.1\com.google.inject.extensions\guice-multibindings\4.1.0\3b27257997ac51b0f8d19676f1ea170427e86d51\guice-multibindings-4.1.0.jar;C:\Users\Michael\.gradle\caches\modules-2\files-2.1\com.google.inject\guice\4.1.0\eeb69005da379a10071aa4948c48d89250febb07\guice-4.1.0.jar;C:\Users\Michael\.gradle\caches\modules-2\files-2.1\com.google.guava\guava\28.2-jre\8ec9ed76528425762174f0011ce8f74ad845b756\guava-28.2-jre.jar;C:\Users\Michael\.gradle\caches\modules-2\files-2.1\com.fasterxml.jackson.core\jackson-annotations\2.0.1\36e5996abe8655a6471b82af5ac1cd6786aecf85\jackson-annotations-2.0.1.jar;C:\Users\Michael\.gradle\caches\mo
Launcher Type: SUN_STANDARD

[Global flags]
     intx CICompilerCount                          = 4                                         {product} {ergonomic}
     uint ConcGCThreads                            = 2                                         {product} {ergonomic}
     uint G1ConcRefinementThreads                  = 8                                         {product} {ergonomic}
   size_t G1HeapRegionSize                         = 1048576                                   {product} {ergonomic}
    uintx GCDrainStackTargetSize                   = 64                                        {product} {ergonomic}
   size_t InitialHeapSize                          = 134217728                                 {product} {ergonomic}
   size_t MarkStackSize                            = 4194304                                   {product} {ergonomic}
   size_t MaxHeapSize                              = 2136997888                                {product} {ergonomic}
   size_t MaxNewSize                               = 1281359872                                {product} {ergonomic}
   size_t MinHeapDeltaBytes                        = 1048576                                   {product} {ergonomic}
    uintx NonNMethodCodeHeapSize                   = 5836300                                {pd product} {ergonomic}
    uintx NonProfiledCodeHeapSize                  = 122910970                              {pd product} {ergonomic}
    uintx ProfiledCodeHeapSize                     = 122910970                              {pd product} {ergonomic}
    uintx ReservedCodeCacheSize                    = 251658240                              {pd product} {ergonomic}
     bool SegmentedCodeCache                       = true                                      {product} {ergonomic}
     bool UseCompressedClassPointers               = true                                 {lp64_product} {ergonomic}
     bool UseCompressedOops                        = true                                 {lp64_product} {ergonomic}
     bool UseG1GC                                  = true                                      {product} {ergonomic}
     bool UseLargePagesIndividualAllocation        = false                                  {pd product} {ergonomic}

Logging:
Log output configuration:
 #0: stdout all=warning uptime,level,tags
 #1: stderr all=off uptime,level,tags

Environment Variables:
JAVA_HOME=C:\Program Files\AdoptOpenJDK\jdk-8.0.272.10-hotspot\
PATH=C:/Program Files/AdoptOpenJDK/jdk-11.0.9.11-hotspot/bin/client;C:/Program Files/AdoptOpenJDK/jdk-11.0.9.11-hotspot/bin;C:\Program Files\AdoptOpenJDK\jdk-11.0.9.11-hotspot\bin;C:\Program Files\AdoptOpenJDK\jdk-8.0.272.10-hotspot\bin;C:\Program Files (x86)\AdoptOpenJDK\jdk-8.0.272.10-hotspot\bin;C:\Program Files\AdoptOpenJDK\jre-8.0.272.10-hotspot\bin;C:\Program Files\AdoptOpenJDK\jre-11.0.9.11-hotspot\bin;C:\Program Files (x86)\AdoptOpenJDK\jre-8.0.272.10-hotspot\bin;C:\Windows\system32;C:\Windows;C:\Windows\System32\Wbem;C:\Windows\System32\WindowsPowerShell\v1.0\;C:\Windows\System32\OpenSSH\;C:\Program Files\NVIDIA Corporation\NVIDIA NvDLISR;C:\Program Files\Microsoft VS Code\bin;C:\Program Files (x86)\NVIDIA Corporation\PhysX\Common;C:\Users\Michael\git\YoutubeDownloader\deps;C:\Users\Michael\AppData\Local\Microsoft\WindowsApps;C:\Users\Michael\git\YoutubeDownloader\deps;;C:\eclipse;
USERNAME=Michael
OS=Windows_NT
PROCESSOR_IDENTIFIER=AMD64 Family 23 Model 1 Stepping 1, AuthenticAMD



---------------  S Y S T E M  ---------------

OS: Windows 10 , 64 bit Build 19041 (10.0.19041.546)
OS uptime: 2 days 13:34 hours

CPU:total 8 (initial active 8) (8 cores per cpu, 2 threads per core) family 23 model 1 stepping 1, cmov, cx8, fxsr, mmx, sse, sse2, sse3, ssse3, sse4.1, sse4.2, popcnt, avx, avx2, aes, clmul, mmxext, 3dnowpref, lzcnt, sse4a, ht, tsc, tscinvbit, tscinv, bmi1, bmi2, adx, sha, fma

Memory: 4k page, system-wide physical 8144M (2578M free)
TotalPageFile size 14032M (AvailPageFile size 3745M)
current process WorkingSet (physical memory assigned to process): 246M, peak: 246M
current process commit charge ("private bytes"): 388M, peak: 388M

vm_info: OpenJDK 64-Bit Server VM (11.0.9+11) for windows-amd64 JRE (11.0.9+11), built on Oct 23 2020 01:38:41 by "" with MS VC++ 15.9 (VS2017)

END.
